五月 01, 2013 12:26:05 下午 org.apache.catalina.core.AprLifecycleListener init
INFO: The APR based Apache Tomcat Native library which allows optimal performance in production environments was not found on the java.library.path: D:\Java\jdk1.7.0_07\bin;C:\Windows\Sun\Java\bin;C:\Windows\system32;C:\Windows;D:/Java/jdk1.7.0_07/bin/../jre/bin/client;D:/Java/jdk1.7.0_07/bin/../jre/bin;D:/Java/jdk1.7.0_07/bin/../jre/lib/i386;D:\Java\jdk1.7.0_07\bin;D:\Java\jdk1.7.0_07\jre\bin;C:\Windows\system32;C:\Windows;C:\Windows\System32\Wbem;C:\Windows\System32\WindowsPowerShell\v1.0\;C:\Program Files\Common Files\Lenovo;C:\Program Files\ThinkPad\ConnectUtilities\;C:\Program Files\ATI Technologies\ATI.ACE\Core-Static;C:\Program Files\Common Files\Thunder Network\KanKan\Codecs;C:\Program Files\Intel\WiFi\bin\;D:\TortoiseSVN\bin;D:\UltraEdit\;F:\eclipse;;.
五月 01, 2013 12:27:14 下午 org.apache.catalina.core.AprLifecycleListener init
INFO: The APR based Apache Tomcat Native library which allows optimal performance in production environments was not found on the java.library.path: D:\Java\jdk1.7.0_07\bin;C:\Windows\Sun\Java\bin;C:\Windows\system32;C:\Windows;D:/Java/jdk1.7.0_07/bin/../jre/bin/client;D:/Java/jdk1.7.0_07/bin/../jre/bin;D:/Java/jdk1.7.0_07/bin/../jre/lib/i386;D:\Java\jdk1.7.0_07\bin;D:\Java\jdk1.7.0_07\jre\bin;C:\Windows\system32;C:\Windows;C:\Windows\System32\Wbem;C:\Windows\System32\WindowsPowerShell\v1.0\;C:\Program Files\Common Files\Lenovo;C:\Program Files\ThinkPad\ConnectUtilities\;C:\Program Files\ATI Technologies\ATI.ACE\Core-Static;C:\Program Files\Common Files\Thunder Network\KanKan\Codecs;C:\Program Files\Intel\WiFi\bin\;D:\TortoiseSVN\bin;D:\UltraEdit\;F:\eclipse;;.
五月 01, 2013 12:27:16 下午 org.apache.coyote.AbstractProtocol init
INFO: Initializing ProtocolHandler ["http-bio-8080"]
五月 01, 2013 12:27:16 下午 org.apache.coyote.AbstractProtocol init
INFO: Initializing ProtocolHandler ["ajp-bio-8009"]
五月 01, 2013 12:27:16 下午 org.apache.catalina.startup.Catalina load
INFO: Initialization processed in 1562 ms
五月 01, 2013 12:27:16 下午 org.apache.catalina.core.StandardService startInternal
INFO: Starting service Catalina
五月 01, 2013 12:27:16 下午 org.apache.catalina.core.StandardEngine startInternal
INFO: Starting Servlet Engine: Apache Tomcat/@VERSION@
五月 01, 2013 12:27:16 下午 org.apache.catalina.startup.HostConfig deployDirectory
INFO: Deploying web application directory F:\Tomcat7\launch\webapps\docs
五月 01, 2013 12:27:19 下午 org.apache.catalina.startup.HostConfig deployDirectory
INFO: Deploying web application directory F:\Tomcat7\launch\webapps\examples
五月 01, 2013 12:27:20 下午 org.apache.catalina.startup.HostConfig deployDirectory
INFO: Deploying web application directory F:\Tomcat7\launch\webapps\host-manager
五月 01, 2013 12:27:20 下午 org.apache.catalina.startup.HostConfig deployDirectory
INFO: Deploying web application directory F:\Tomcat7\launch\webapps\manager
五月 01, 2013 12:27:20 下午 org.apache.catalina.startup.HostConfig deployDirectory
INFO: Deploying web application directory F:\Tomcat7\launch\webapps\ROOT
五月 01, 2013 12:27:20 下午 org.apache.coyote.AbstractProtocol start
INFO: Starting ProtocolHandler ["http-bio-8080"]
五月 01, 2013 12:27:20 下午 org.apache.coyote.AbstractProtocol start
INFO: Starting ProtocolHandler ["ajp-bio-8009"]
五月 01, 2013 12:27:20 下午 org.apache.catalina.startup.Catalina start
INFO: Server startup in 4290 ms
